<?xml version="1.0" encoding="UTF-8"?>
<!-- Generated by org.testng.reporters.JUnitReportReporter -->
<testsuite hostname="HP-PC" failures="0" tests="1" name="restassuredsample.sampleGetwithParams" time="1.102" errors="0" timestamp="2021-03-05T16:46:50 IST" skipped="0">
  <testcase classname="restassuredsample.sampleGetwithParams" name="getRequest" time="1.102"/>
  <system-out/>
</testsuite> <!-- restassuredsample.sampleGetwithParams -->
