<?xml version="1.0" encoding="UTF-8"?>
<!-- Generated by org.testng.reporters.JUnitReportReporter -->
<testsuite hostname="HP-PC" failures="0" tests="1" name="FakeRestApi.demoPost" time="3.547" errors="0" timestamp="2021-03-11T13:50:53 IST" skipped="0">
  <testcase classname="FakeRestApi.demoPost" name="delete" time="3.547"/>
  <system-out/>
</testsuite> <!-- FakeRestApi.demoPost -->
