<?xml version="1.0" encoding="UTF-8"?>
<!-- Generated by org.testng.reporters.JUnitReportReporter -->
<testsuite hostname="HP-PC" failures="0" tests="1" name="restassuredsample.sampleGet" time="1.446" errors="0" timestamp="2021-03-05T16:46:50 IST" skipped="0">
  <testcase classname="restassuredsample.sampleGet" name="getRequest" time="1.446"/>
  <system-out/>
</testsuite> <!-- restassuredsample.sampleGet -->
