<?xml version="1.0" encoding="UTF-8"?>
<!-- Generated by org.testng.reporters.JUnitReportReporter -->
<testsuite hostname="HP-PC" failures="0" tests="4" name="restassuredsample.DataDrivenExample" time="7.597" errors="0" timestamp="2021-03-08T12:44:04 IST" skipped="0">
  <testcase classname="restassuredsample.DataDrivenExample" name="test_delete" time="4.785"/>
  <system-out/>
  <testcase classname="restassuredsample.DataDrivenExample" name="test_delete" time="0.774"/>
  <system-out/>
  <testcase classname="restassuredsample.DataDrivenExample" name="test_delete" time="1.208"/>
  <system-out/>
  <testcase classname="restassuredsample.DataDrivenExample" name="test_delete" time="0.830"/>
  <system-out/>
</testsuite> <!-- restassuredsample.DataDrivenExample -->
