<?xml version="1.0" encoding="UTF-8"?>
<!-- Generated by org.testng.reporters.JUnitReportReporter -->
<testsuite hostname="HP-PC" failures="0" tests="7" name="dataForTest.DataDrivenExample" time="10.945" errors="0" timestamp="2021-03-08T13:06:22 IST" skipped="0">
  <testcase classname="dataForTest.DataDrivenExample" name="test_delete" time="1.790"/>
  <system-out/>
  <testcase classname="dataForTest.DataDrivenExample" name="test_delete" time="1.432"/>
  <system-out/>
  <testcase classname="dataForTest.DataDrivenExample" name="test_delete" time="1.006"/>
  <system-out/>
  <testcase classname="dataForTest.DataDrivenExample" name="test2" time="0.587"/>
  <system-out/>
  <testcase classname="dataForTest.DataDrivenExample" name="test_delete" time="0.746"/>
  <system-out/>
  <testcase classname="dataForTest.DataDrivenExample" name="test_delete1" time="0.780"/>
  <system-out/>
  <testcase classname="dataForTest.DataDrivenExample" name="test2" time="4.604"/>
  <system-out/>
</testsuite> <!-- dataForTest.DataDrivenExample -->
