<?xml version="1.0" encoding="UTF-8"?>
<!-- Generated by org.testng.reporters.JUnitReportReporter -->
<testsuite hostname="HP-PC" failures="0" tests="1" name="restassuredsample.MyFirstRestAssuredClass" time="4.788" errors="0" timestamp="2021-03-05T16:46:50 IST" skipped="0">
  <testcase classname="restassuredsample.MyFirstRestAssuredClass" name="getResponseBody" time="4.788"/>
  <system-out/>
</testsuite> <!-- restassuredsample.MyFirstRestAssuredClass -->
